g:\游戏引擎\dragon3d演示\dragon3d演示iv\dragon3d演示iv\dragonengine\debug\dragonengine.pch
g:\游戏引擎\dragon3d演示\dragon3d演示iv\dragon3d演示iv\dragonengine\debug\dragonengine.pdb
g:\游戏引擎\dragon3d演示\dragon3d演示iv\dragon3d演示iv\dragonengine\debug\dragonengine.idb
g:\游戏引擎\dragon3d演示\dragon3d演示iv\dragon3d演示iv\dragonengine\debug\stdafx.obj
g:\游戏引擎\dragon3d演示\dragon3d演示iv\dragon3d演示iv\dragonengine\debug\zbuffer.obj
g:\游戏引擎\dragon3d演示\dragon3d演示iv\dragon3d演示iv\dragonengine\debug\dmusic.obj
g:\游戏引擎\dragon3d演示\dragon3d演示iv\dragon3d演示iv\dragonengine\debug\dsound.obj
g:\游戏引擎\dragon3d演示\dragon3d演示iv\dragon3d演示iv\dragonengine\debug\inputsystem.obj
g:\游戏引擎\dragon3d演示\dragon3d演示iv\dragon3d演示iv\dragonengine\debug\joystick.obj
g:\游戏引擎\dragon3d演示\dragon3d演示iv\dragon3d演示iv\dragonengine\debug\keyboard.obj
g:\游戏引擎\dragon3d演示\dragon3d演示iv\dragon3d演示iv\dragonengine\debug\mouse.obj
g:\游戏引擎\dragon3d演示\dragon3d演示iv\dragon3d演示iv\dragonengine\debug\errorlog.obj
g:\游戏引擎\dragon3d演示\dragon3d演示iv\dragon3d演示iv\dragonengine\debug\parser.obj
g:\游戏引擎\dragon3d演示\dragon3d演示iv\dragon3d演示iv\dragonengine\debug\camera.obj
g:\游戏引擎\dragon3d演示\dragon3d演示iv\dragon3d演示iv\dragonengine\debug\bitmapfile.obj
g:\游戏引擎\dragon3d演示\dragon3d演示iv\dragon3d演示iv\dragonengine\debug\bitmapimage.obj
g:\游戏引擎\dragon3d演示\dragon3d演示iv\dragon3d演示iv\dragonengine\debug\guisystem.obj
g:\游戏引擎\dragon3d演示\dragon3d演示iv\dragon3d演示iv\dragonengine\debug\md2container.obj
g:\游戏引擎\dragon3d演示\dragon3d演示iv\dragon3d演示iv\dragonengine\debug\matrix3x3.obj
g:\游戏引擎\dragon3d演示\dragon3d演示iv\dragon3d演示iv\dragonengine\debug\matrix4x3.obj
g:\游戏引擎\dragon3d演示\dragon3d演示iv\dragon3d演示iv\dragonengine\debug\matrix4x4.obj
g:\游戏引擎\dragon3d演示\dragon3d演示iv\dragon3d演示iv\dragonengine\debug\paramline2d.obj
g:\游戏引擎\dragon3d演示\dragon3d演示iv\dragon3d演示iv\dragonengine\debug\paramline3d.obj
g:\游戏引擎\dragon3d演示\dragon3d演示iv\dragon3d演示iv\dragonengine\debug\plane3d.obj
g:\游戏引擎\dragon3d演示\dragon3d演示iv\dragon3d演示iv\dragonengine\debug\polar2d.obj
g:\游戏引擎\dragon3d演示\dragon3d演示iv\dragon3d演示iv\dragonengine\debug\polygon2d.obj
g:\游戏引擎\dragon3d演示\dragon3d演示iv\dragon3d演示iv\dragonengine\debug\quaternion.obj
g:\游戏引擎\dragon3d演示\dragon3d演示iv\dragon3d演示iv\dragonengine\debug\spherical3d.obj
g:\游戏引擎\dragon3d演示\dragon3d演示iv\dragon3d演示iv\dragonengine\debug\vector2.obj
g:\游戏引擎\dragon3d演示\dragon3d演示iv\dragon3d演示iv\dragonengine\debug\vector3.obj
g:\游戏引擎\dragon3d演示\dragon3d演示iv\dragon3d演示iv\dragonengine\debug\vector4.obj
g:\游戏引擎\dragon3d演示\dragon3d演示iv\dragon3d演示iv\dragonengine\debug\vectori2.obj
g:\游戏引擎\dragon3d演示\dragon3d演示iv\dragon3d演示iv\dragonengine\debug\vectori3.obj
g:\游戏引擎\dragon3d演示\dragon3d演示iv\dragon3d演示iv\dragonengine\debug\vectori4.obj
g:\游戏引擎\dragon3d演示\dragon3d演示iv\dragon3d演示iv\dragonengine\debug\light.obj
g:\游戏引擎\dragon3d演示\dragon3d演示iv\dragon3d演示iv\dragonengine\debug\material.obj
g:\游戏引擎\dragon3d演示\dragon3d演示iv\dragon3d演示iv\dragonengine\debug\boundbox.obj
g:\游戏引擎\dragon3d演示\dragon3d演示iv\dragon3d演示iv\dragonengine\debug\boundsphere.obj
g:\游戏引擎\dragon3d演示\dragon3d演示iv\dragon3d演示iv\dragonengine\debug\cylindrical3d.obj
g:\游戏引擎\dragon3d演示\dragon3d演示iv\dragon3d演示iv\dragonengine\debug\fixp16.obj
g:\游戏引擎\dragon3d演示\dragon3d演示iv\dragon3d演示iv\dragonengine\debug\line2d.obj
g:\游戏引擎\dragon3d演示\dragon3d演示iv\dragon3d演示iv\dragonengine\debug\matrix1x2.obj
g:\游戏引擎\dragon3d演示\dragon3d演示iv\dragon3d演示iv\dragonengine\debug\matrix1x3.obj
g:\游戏引擎\dragon3d演示\dragon3d演示iv\dragon3d演示iv\dragonengine\debug\matrix1x4.obj
g:\游戏引擎\dragon3d演示\dragon3d演示iv\dragon3d演示iv\dragonengine\debug\matrix2x2.obj
g:\游戏引擎\dragon3d演示\dragon3d演示iv\dragon3d演示iv\dragonengine\debug\matrix3x2.obj
g:\游戏引擎\dragon3d演示\dragon3d演示iv\dragon3d演示iv\dragonengine\debug\animation.obj
g:\游戏引擎\dragon3d演示\dragon3d演示iv\dragon3d演示iv\dragonengine\debug\cobmodel.obj
g:\游戏引擎\dragon3d演示\dragon3d演示iv\dragon3d演示iv\dragonengine\debug\terrain.obj
g:\游戏引擎\dragon3d演示\dragon3d演示iv\dragon3d演示iv\dragonengine\debug\bspeditor.obj
g:\游戏引擎\dragon3d演示\dragon3d演示iv\dragon3d演示iv\dragonengine\debug\bsptree.obj
g:\游戏引擎\dragon3d演示\dragon3d演示iv\dragon3d演示iv\dragonengine\debug\triangle2d.obj
g:\游戏引擎\dragon3d演示\dragon3d演示iv\dragon3d演示iv\dragonengine\debug\datatype.obj
g:\游戏引擎\dragon3d演示\dragon3d演示iv\dragon3d演示iv\dragonengine\debug\rendersystem.obj
g:\游戏引擎\dragon3d演示\dragon3d演示iv\dragon3d演示iv\lib\dragonengine.lib
g:\游戏引擎\dragon3d演示\dragon3d演示iv\dragon3d演示iv\dragonengine\debug\vc90.idb
g:\游戏引擎\dragon3d演示\dragon3d演示iv\dragon3d演示iv\dragonengine\debug\vc90.pdb
g:\游戏引擎\dragon3d演示\dragon3d演示iv\dragon3d演示iv\dragonengine\..\lib\dragonengine.lib
g:\游戏引擎\dragon3d演示\dragon3d演示iv\dragon3d演示iv\dragonengine\debug\dragonengine.tlog\cl.command.1.tlog
g:\游戏引擎\dragon3d演示\dragon3d演示iv\dragon3d演示iv\dragonengine\debug\dragonengine.tlog\cl.read.1.tlog
g:\游戏引擎\dragon3d演示\dragon3d演示iv\dragon3d演示iv\dragonengine\debug\dragonengine.tlog\cl.write.1.tlog
g:\游戏引擎\dragon3d演示\dragon3d演示iv\dragon3d演示iv\dragonengine\debug\dragonengine.tlog\lib-link.read.1.tlog
g:\游戏引擎\dragon3d演示\dragon3d演示iv\dragon3d演示iv\dragonengine\debug\dragonengine.tlog\lib-link.write.1.tlog
g:\游戏引擎\dragon3d演示\dragon3d演示iv\dragon3d演示iv\dragonengine\debug\dragonengine.tlog\lib.command.1.tlog
