g:\游戏引擎\dragon3d演示\dragon3d演示iv\dragon3d演示iv\dragon\release\vc140.pdb
g:\游戏引擎\dragon3d演示\dragon3d演示iv\dragon3d演示iv\dragon\release\dragon9_4.obj
g:\游戏引擎\dragon3d演示\dragon3d演示iv\dragon3d演示iv\dragon\release\dragon1.res
g:\游戏引擎\dragon3d演示\dragon3d演示iv\dragon3d演示iv\dragon\release\dragon.exe.intermediate.manifest
g:\游戏引擎\dragon3d演示\dragon3d演示iv\dragon3d演示iv\dragon\release\dragon.res
g:\游戏引擎\dragon3d演示\dragon3d演示iv\dragon3d演示iv\dragon\release\vc90.idb
g:\游戏引擎\dragon3d演示\dragon3d演示iv\dragon3d演示iv\dragon\release\vc90.pdb
g:\游戏引擎\dragon3d演示\dragon3d演示iv\dragon3d演示iv\release\dragon.pdb
g:\游戏引擎\dragon3d演示\dragon3d演示iv\dragon3d演示iv\dragon\release\dragon.tlog\cl.command.1.tlog
g:\游戏引擎\dragon3d演示\dragon3d演示iv\dragon3d演示iv\dragon\release\dragon.tlog\cl.read.1.tlog
g:\游戏引擎\dragon3d演示\dragon3d演示iv\dragon3d演示iv\dragon\release\dragon.tlog\cl.write.1.tlog
g:\游戏引擎\dragon3d演示\dragon3d演示iv\dragon3d演示iv\dragon\release\dragon.tlog\link-cvtres.read.1.tlog
g:\游戏引擎\dragon3d演示\dragon3d演示iv\dragon3d演示iv\dragon\release\dragon.tlog\link-cvtres.write.1.tlog
g:\游戏引擎\dragon3d演示\dragon3d演示iv\dragon3d演示iv\dragon\release\dragon.tlog\link-rc.read.1.tlog
g:\游戏引擎\dragon3d演示\dragon3d演示iv\dragon3d演示iv\dragon\release\dragon.tlog\link-rc.write.1.tlog
g:\游戏引擎\dragon3d演示\dragon3d演示iv\dragon3d演示iv\dragon\release\dragon.tlog\link.command.1.tlog
g:\游戏引擎\dragon3d演示\dragon3d演示iv\dragon3d演示iv\dragon\release\dragon.tlog\link.read.1.tlog
g:\游戏引擎\dragon3d演示\dragon3d演示iv\dragon3d演示iv\dragon\release\dragon.tlog\link.write.1.tlog
g:\游戏引擎\dragon3d演示\dragon3d演示iv\dragon3d演示iv\dragon\release\dragon.tlog\rc.command.1.tlog
g:\游戏引擎\dragon3d演示\dragon3d演示iv\dragon3d演示iv\dragon\release\dragon.tlog\rc.read.1.tlog
g:\游戏引擎\dragon3d演示\dragon3d演示iv\dragon3d演示iv\dragon\release\dragon.tlog\rc.write.1.tlog
