g:\游戏引擎\dragon3d演示\dragon3d演示iv\dragon3d演示iv\dragon\debug\vc140.pdb
g:\游戏引擎\dragon3d演示\dragon3d演示iv\dragon3d演示iv\dragon\debug\vc140.idb
g:\游戏引擎\dragon3d演示\dragon3d演示iv\dragon3d演示iv\dragon\debug\dragon9_4.obj
g:\游戏引擎\dragon3d演示\dragon3d演示iv\dragon3d演示iv\dragon\debug\dragon1.res
g:\游戏引擎\dragon3d演示\dragon3d演示iv\dragon3d演示iv\dragon\debug\resolveassemblyreference.cache
g:\游戏引擎\dragon3d演示\dragon3d演示iv\dragon3d演示iv\dragon\debug\dragon9_2.obj
g:\游戏引擎\dragon3d演示\dragon3d演示iv\dragon3d演示iv\dragon\debug\dragon9_3.obj
g:\游戏引擎\dragon3d演示\dragon3d演示iv\dragon3d演示iv\dragon\debug\dragon.exe.embed.manifest
g:\游戏引擎\dragon3d演示\dragon3d演示iv\dragon3d演示iv\dragon\debug\dragon.exe.intermediate.manifest
g:\游戏引擎\dragon3d演示\dragon3d演示iv\dragon3d演示iv\dragon\debug\dragon.exe.embed.manifest.res
g:\游戏引擎\dragon3d演示\dragon3d演示iv\dragon3d演示iv\dragon\debug\dragon.res
g:\游戏引擎\dragon3d演示\dragon3d演示iv\dragon3d演示iv\dragon\debug\vc90.idb
g:\游戏引擎\dragon3d演示\dragon3d演示iv\dragon3d演示iv\dragon\debug\vc90.pdb
g:\游戏引擎\dragon3d演示\dragon3d演示iv\dragon3d演示iv\debug\dragon.pdb
g:\游戏引擎\dragon3d演示\dragon3d演示iv\dragon3d演示iv\dragon\debug\dragon.tlog\cl.command.1.tlog
g:\游戏引擎\dragon3d演示\dragon3d演示iv\dragon3d演示iv\dragon\debug\dragon.tlog\cl.read.1.tlog
g:\游戏引擎\dragon3d演示\dragon3d演示iv\dragon3d演示iv\dragon\debug\dragon.tlog\cl.write.1.tlog
g:\游戏引擎\dragon3d演示\dragon3d演示iv\dragon3d演示iv\dragon\debug\dragon.tlog\link-cvtres.read.1.tlog
g:\游戏引擎\dragon3d演示\dragon3d演示iv\dragon3d演示iv\dragon\debug\dragon.tlog\link-cvtres.write.1.tlog
g:\游戏引擎\dragon3d演示\dragon3d演示iv\dragon3d演示iv\dragon\debug\dragon.tlog\link-rc.read.1.tlog
g:\游戏引擎\dragon3d演示\dragon3d演示iv\dragon3d演示iv\dragon\debug\dragon.tlog\link-rc.write.1.tlog
g:\游戏引擎\dragon3d演示\dragon3d演示iv\dragon3d演示iv\dragon\debug\dragon.tlog\link.command.1.tlog
g:\游戏引擎\dragon3d演示\dragon3d演示iv\dragon3d演示iv\dragon\debug\dragon.tlog\link.read.1.tlog
g:\游戏引擎\dragon3d演示\dragon3d演示iv\dragon3d演示iv\dragon\debug\dragon.tlog\link.write.1.tlog
g:\游戏引擎\dragon3d演示\dragon3d演示iv\dragon3d演示iv\dragon\debug\dragon.tlog\rc.command.1.tlog
g:\游戏引擎\dragon3d演示\dragon3d演示iv\dragon3d演示iv\dragon\debug\dragon.tlog\rc.read.1.tlog
g:\游戏引擎\dragon3d演示\dragon3d演示iv\dragon3d演示iv\dragon\debug\dragon.tlog\rc.write.1.tlog
